{"level":30,"time":1761082218697,"pid":2808,"hostname":"DESKTOP-DF2SECE","msg":"[HIJO 2808] main.js cargado, esperando 贸rdenes..."}
{"level":30,"time":1761082218697,"pid":2808,"hostname":"DESKTOP-DF2SECE","msg":"[ HIJO 2808] Supervisor de sesi贸n conectado (Modo Hijo)"}
{"level":30,"time":1761082218699,"pid":2808,"hostname":"DESKTOP-DF2SECE","msg":"[ HIJO 2808] Recibi贸 orden para iniciar: 7223378630/593969533280"}
{"level":30,"time":1761082359929,"pid":7148,"hostname":"DESKTOP-DF2SECE","msg":"[HIJO 7148] main.js cargado, esperando 贸rdenes..."}
{"level":30,"time":1761082359930,"pid":7148,"hostname":"DESKTOP-DF2SECE","msg":"[ HIJO 7148] Supervisor de sesi贸n conectado (Modo Hijo)"}
{"level":30,"time":1761082359931,"pid":7148,"hostname":"DESKTOP-DF2SECE","msg":"[ HIJO 7148] Recibi贸 orden para iniciar: 7223378630/593969533280"}
{"level":30,"time":1761082473597,"pid":16328,"hostname":"DESKTOP-DF2SECE","msg":"[HIJO 16328] main.js cargado, esperando 贸rdenes..."}
{"level":30,"time":1761082473598,"pid":16328,"hostname":"DESKTOP-DF2SECE","msg":"[ HIJO 16328] Supervisor de sesi贸n conectado (Modo Hijo)"}
{"level":30,"time":1761082473599,"pid":16328,"hostname":"DESKTOP-DF2SECE","msg":"[ HIJO 16328] Recibi贸 orden para iniciar: 7223378630/593969533280"}
{"level":30,"time":1761082671334,"pid":16328,"hostname":"DESKTOP-DF2SECE","msg":"[] Reconexi贸n para 593969533280 en 6s... (Intento 1/10)"}
{"level":30,"time":1761082677560,"pid":16328,"hostname":"DESKTOP-DF2SECE","msg":"[讹] Ejecutando reconexi贸n para 593969533280..."}
{"level":30,"time":1761082773607,"pid":16328,"hostname":"DESKTOP-DF2SECE","module":"GarbageCollector","msg":"[伙] Ejecutando recolector de basura..."}
{"level":30,"time":1761083393914,"pid":16328,"hostname":"DESKTOP-DF2SECE","msg":"[] Reconexi贸n para 593969533280 en 6s... (Intento 1/10)"}
{"level":30,"time":1761083399941,"pid":16328,"hostname":"DESKTOP-DF2SECE","msg":"[讹] Ejecutando reconexi贸n para 593969533280..."}
{"level":30,"time":1761084532665,"pid":2708,"hostname":"DESKTOP-DF2SECE","msg":"[HIJO 2708] main.js cargado, esperando 贸rdenes..."}
{"level":30,"time":1761084532665,"pid":2708,"hostname":"DESKTOP-DF2SECE","msg":"[ HIJO 2708] Supervisor de sesi贸n conectado (Modo Hijo)"}
{"level":30,"time":1761084532667,"pid":2708,"hostname":"DESKTOP-DF2SECE","msg":"[ HIJO 2708] Recibi贸 orden para iniciar: 7223378630/593969533280"}
{"level":30,"time":1761084818730,"pid":2804,"hostname":"DESKTOP-DF2SECE","msg":"[HIJO 2804] main.js cargado, esperando 贸rdenes..."}
{"level":30,"time":1761084818731,"pid":2804,"hostname":"DESKTOP-DF2SECE","msg":"[ HIJO 2804] Supervisor de sesi贸n conectado (Modo Hijo)"}
{"level":30,"time":1761084818732,"pid":2804,"hostname":"DESKTOP-DF2SECE","msg":"[ HIJO 2804] Recibi贸 orden para iniciar: 7223378630/593969533280"}
{"level":30,"time":1761084982505,"pid":11944,"hostname":"DESKTOP-DF2SECE","msg":"[HIJO 11944] main.js cargado, esperando 贸rdenes..."}
{"level":30,"time":1761084982506,"pid":11944,"hostname":"DESKTOP-DF2SECE","msg":"[ HIJO 11944] Supervisor de sesi贸n conectado (Modo Hijo)"}
{"level":30,"time":1761084982508,"pid":11944,"hostname":"DESKTOP-DF2SECE","msg":"[ HIJO 11944] Recibi贸 orden para iniciar: 7223378630/593969533280"}
{"level":30,"time":1761085116578,"pid":10092,"hostname":"DESKTOP-DF2SECE","msg":"[HIJO 10092] main.js cargado, esperando 贸rdenes..."}
{"level":30,"time":1761085116579,"pid":10092,"hostname":"DESKTOP-DF2SECE","msg":"[ HIJO 10092] Supervisor de sesi贸n conectado (Modo Hijo)"}
{"level":30,"time":1761085116582,"pid":10092,"hostname":"DESKTOP-DF2SECE","msg":"[ HIJO 10092] Recibi贸 orden para iniciar: 7223378630/593969533280"}
{"level":30,"time":1761085416594,"pid":10092,"hostname":"DESKTOP-DF2SECE","module":"GarbageCollector","msg":"[伙] Ejecutando recolector de basura..."}
{"level":30,"time":1761085482713,"pid":3396,"hostname":"DESKTOP-DF2SECE","msg":"[HIJO 3396] main.js cargado, esperando 贸rdenes..."}
{"level":30,"time":1761085482714,"pid":3396,"hostname":"DESKTOP-DF2SECE","msg":"[ HIJO 3396] Supervisor de sesi贸n conectado (Modo Hijo)"}
{"level":30,"time":1761085482715,"pid":3396,"hostname":"DESKTOP-DF2SECE","msg":"[ HIJO 3396] Recibi贸 orden para iniciar: 7223378630/593969533280"}
{"level":30,"time":1761085782716,"pid":3396,"hostname":"DESKTOP-DF2SECE","module":"GarbageCollector","msg":"[伙] Ejecutando recolector de basura..."}
{"level":30,"time":1761085838884,"pid":5648,"hostname":"DESKTOP-DF2SECE","msg":"[HIJO 5648] main.js cargado, esperando 贸rdenes..."}
{"level":30,"time":1761085838885,"pid":5648,"hostname":"DESKTOP-DF2SECE","msg":"[ HIJO 5648] Supervisor de sesi贸n conectado (Modo Hijo)"}
{"level":30,"time":1761085838886,"pid":5648,"hostname":"DESKTOP-DF2SECE","msg":"[ HIJO 5648] Recibi贸 orden para iniciar: 7223378630/593969533280"}
{"level":30,"time":1761086138919,"pid":5648,"hostname":"DESKTOP-DF2SECE","module":"GarbageCollector","msg":"[伙] Ejecutando recolector de basura..."}
{"level":30,"time":1761086335523,"pid":8400,"hostname":"DESKTOP-DF2SECE","msg":"[HIJO 8400] main.js cargado, esperando 贸rdenes..."}
{"level":30,"time":1761086335524,"pid":8400,"hostname":"DESKTOP-DF2SECE","msg":"[ HIJO 8400] Supervisor de sesi贸n conectado (Modo Hijo)"}
{"level":30,"time":1761086335525,"pid":8400,"hostname":"DESKTOP-DF2SECE","msg":"[ HIJO 8400] Recibi贸 orden para iniciar: 7223378630/593969533280"}
{"level":30,"time":1761086635526,"pid":8400,"hostname":"DESKTOP-DF2SECE","module":"GarbageCollector","msg":"[伙] Ejecutando recolector de basura..."}
{"level":30,"time":1761086849375,"pid":5676,"hostname":"DESKTOP-DF2SECE","msg":"[HIJO 5676] main.js cargado, esperando 贸rdenes..."}
{"level":30,"time":1761086849376,"pid":5676,"hostname":"DESKTOP-DF2SECE","msg":"[ HIJO 5676] Supervisor de sesi贸n conectado (Modo Hijo)"}
{"level":30,"time":1761086849377,"pid":5676,"hostname":"DESKTOP-DF2SECE","msg":"[ HIJO 5676] Recibi贸 orden para iniciar: 7223378630/593969533280"}
{"level":30,"time":1761087149378,"pid":5676,"hostname":"DESKTOP-DF2SECE","module":"GarbageCollector","msg":"[伙] Ejecutando recolector de basura..."}
{"level":30,"time":1761087381872,"pid":13272,"hostname":"DESKTOP-DF2SECE","msg":"[HIJO 13272] main.js cargado, esperando 贸rdenes..."}
{"level":30,"time":1761087381873,"pid":13272,"hostname":"DESKTOP-DF2SECE","msg":"[ HIJO 13272] Supervisor de sesi贸n conectado (Modo Hijo)"}
{"level":30,"time":1761087381874,"pid":13272,"hostname":"DESKTOP-DF2SECE","msg":"[ HIJO 13272] Recibi贸 orden para iniciar: 7223378630/593969533280"}
{"level":30,"time":1761087470730,"pid":12944,"hostname":"DESKTOP-DF2SECE","msg":"[HIJO 12944] main.js cargado, esperando 贸rdenes..."}
{"level":30,"time":1761087470731,"pid":12944,"hostname":"DESKTOP-DF2SECE","msg":"[ HIJO 12944] Supervisor de sesi贸n conectado (Modo Hijo)"}
{"level":30,"time":1761087470732,"pid":12944,"hostname":"DESKTOP-DF2SECE","msg":"[ HIJO 12944] Recibi贸 orden para iniciar: 7223378630/593969533280"}
{"level":30,"time":1761087770743,"pid":12944,"hostname":"DESKTOP-DF2SECE","module":"GarbageCollector","msg":"[伙] Ejecutando recolector de basura..."}
{"level":30,"time":1761092462682,"pid":6360,"hostname":"DESKTOP-DF2SECE","msg":"[HIJO 6360] main.js cargado, esperando 贸rdenes."}
{"level":30,"time":1761092462684,"pid":6360,"hostname":"DESKTOP-DF2SECE","msg":"[ HIJO 6360] Supervisor de sesi贸n listo (Modo Hijo)."}
{"level":30,"time":1761092462686,"pid":6360,"hostname":"DESKTOP-DF2SECE","msg":"[ HIJO 6360] Orden: Iniciar 7223378630/593969533280"}
{"level":30,"time":1761092508573,"pid":15456,"hostname":"DESKTOP-DF2SECE","msg":"[HIJO 15456] main.js cargado, esperando 贸rdenes."}
{"level":30,"time":1761092508573,"pid":15456,"hostname":"DESKTOP-DF2SECE","msg":"[ HIJO 15456] Supervisor de sesi贸n listo (Modo Hijo)."}
{"level":30,"time":1761092508576,"pid":15456,"hostname":"DESKTOP-DF2SECE","msg":"[ HIJO 15456] Orden: Iniciar 7223378630/593969533280"}
{"level":30,"time":1761092522920,"pid":15456,"hostname":"DESKTOP-DF2SECE","msg":"[] Reconexi贸n para 593969533280 en 7s... (Intento 1/10)"}
{"level":30,"time":1761092529804,"pid":15456,"hostname":"DESKTOP-DF2SECE","msg":"[讹] Ejecutando reconexi贸n para 593969533280..."}
{"level":30,"time":1761092585460,"pid":14156,"hostname":"DESKTOP-DF2SECE","msg":"[HIJO 14156] main.js cargado, esperando 贸rdenes."}
{"level":30,"time":1761092585460,"pid":14156,"hostname":"DESKTOP-DF2SECE","msg":"[ HIJO 14156] Supervisor de sesi贸n listo (Modo Hijo)."}
{"level":30,"time":1761092585462,"pid":14156,"hostname":"DESKTOP-DF2SECE","msg":"[ HIJO 14156] Orden: Iniciar 7223378630/593969533280"}
{"level":30,"time":1761092759581,"pid":10956,"hostname":"DESKTOP-DF2SECE","msg":"[HIJO 10956] main.js cargado y listo."}
{"level":30,"time":1761092759582,"pid":10956,"hostname":"DESKTOP-DF2SECE","msg":"[ HIJO 10956] Supervisor listo."}
{"level":20,"time":1761092759583,"pid":10956,"hostname":"DESKTOP-DF2SECE","msg":"[ HIJO 10956] Orden: Iniciar 7223378630/593969533280"}
{"level":30,"time":1761092782826,"pid":10956,"hostname":"DESKTOP-DF2SECE","msg":"[Ч] Iniciando cleanSession (Notificar: true, Full: true)"}
{"level":30,"time":1761092782826,"pid":10956,"hostname":"DESKTOP-DF2SECE","msg":"Intentando borrado completo de: C:\\Users\\Usuario\\Downloads\\botv2\\lib\\pairing\\7223378630\\593969533280"}
{"level":30,"time":1761092782858,"pid":10956,"hostname":"DESKTOP-DF2SECE","msg":"[锔] Limpieza COMPLETA OK para 593969533280."}
{"level":20,"time":1761092795565,"pid":10956,"hostname":"DESKTOP-DF2SECE","msg":"[Ч HIJO 10956] Orden: Limpiar 7223378630"}
{"level":30,"time":1761092795565,"pid":10956,"hostname":"DESKTOP-DF2SECE","msg":"[Ч] Iniciando cleanSession (Notificar: false, Full: true)"}
{"level":20,"time":1761092796579,"pid":10956,"hostname":"DESKTOP-DF2SECE","msg":"[HIJO 10956] Limpieza OK. Saliendo."}
{"level":30,"time":1761092818423,"pid":16724,"hostname":"DESKTOP-DF2SECE","msg":"[HIJO 16724] main.js cargado y listo."}
{"level":30,"time":1761092818424,"pid":16724,"hostname":"DESKTOP-DF2SECE","msg":"[ HIJO 16724] Supervisor listo."}
{"level":20,"time":1761092818426,"pid":16724,"hostname":"DESKTOP-DF2SECE","msg":"[ HIJO 16724] Orden: Iniciar 7223378630/593969533280"}
{"level":30,"time":1761092832431,"pid":16724,"hostname":"DESKTOP-DF2SECE","msg":"[] Reconectando 593969533280 en ~6s (Intento 1/10)"}
{"level":30,"time":1761092838808,"pid":16724,"hostname":"DESKTOP-DF2SECE","msg":"[讹] Ejecutando reconexi贸n para 593969533280..."}
{"level":30,"time":1761093094520,"pid":7756,"hostname":"DESKTOP-DF2SECE","msg":"[HIJO 7756] main.js cargado y listo."}
{"level":30,"time":1761093094521,"pid":7756,"hostname":"DESKTOP-DF2SECE","msg":"[ HIJO 7756] Supervisor listo."}
{"level":20,"time":1761093094523,"pid":7756,"hostname":"DESKTOP-DF2SECE","msg":"[ HIJO 7756] Orden: Iniciar 7223378630/593969533280"}
{"level":30,"time":1761093396493,"pid":5556,"hostname":"DESKTOP-DF2SECE","msg":"[HIJO 5556] main.js cargado y listo."}
{"level":20,"time":1761093396496,"pid":5556,"hostname":"DESKTOP-DF2SECE","msg":"[ HIJO 5556] Orden: Iniciar 7223378630/593969533280"}
{"level":20,"time":1761093646407,"pid":13712,"hostname":"DESKTOP-DF2SECE","msg":"[ HIJO 13712] Orden: Iniciar 7223378630/593969533280"}
